mode: set
esep/grade-calculator/grade_calculator.go:22.37,24.2 1 1
esep/grade-calculator/grade_calculator.go:32.44,37.2 1 1
esep/grade-calculator/grade_calculator.go:39.51,43.9 2 1
esep/grade-calculator/grade_calculator.go:44.23,45.13 1 1
esep/grade-calculator/grade_calculator.go:46.23,47.13 1 1
esep/grade-calculator/grade_calculator.go:48.23,49.13 1 1
esep/grade-calculator/grade_calculator.go:50.23,51.13 1 1
esep/grade-calculator/grade_calculator.go:52.10,53.13 1 1
esep/grade-calculator/grade_calculator.go:57.82,64.2 1 1
esep/grade-calculator/grade_calculator.go:66.58,69.33 2 1
esep/grade-calculator/grade_calculator.go:69.33,70.17 1 1
esep/grade-calculator/grade_calculator.go:71.19,73.10 2 1
esep/grade-calculator/grade_calculator.go:74.13,76.10 2 1
esep/grade-calculator/grade_calculator.go:77.14,79.10 2 1
esep/grade-calculator/grade_calculator.go:82.2,90.22 5 1
esep/grade-calculator/grade_calculator.go:94.31,95.14 1 1
esep/grade-calculator/grade_calculator.go:95.14,97.3 1 1
esep/grade-calculator/grade_calculator.go:98.2,98.18 1 1
esep/grade-calculator/grade_calculator.go:101.41,103.22 1 1
esep/grade-calculator/grade_calculator.go:103.22,105.3 1 1
esep/grade-calculator/grade_calculator.go:106.2,108.31 2 1
esep/grade-calculator/grade_calculator.go:108.31,110.3 1 1
esep/grade-calculator/grade_calculator.go:112.2,112.26 1 1
esep/grade-calculator/grade_calculator.go:116.49,118.19 2 1
esep/grade-calculator/grade_calculator.go:118.19,120.3 1 1
esep/grade-calculator/grade_calculator.go:121.2,121.15 1 1
